# JRE version: Java(TM) SE Runtime Environment (8.0_121-b13) (build 1.8.0_121-b13)
# Java VM: Java HotSpot(TM) 64-Bit Server VM (25.121-b13 mixed mode linux-amd64 compressed oops)
Heap:
 PSYoungGen      total 112640K, used 8695K [0x00000000eec00000, 0x00000000f6400000, 0x0000000100000000)
  eden space 103936K, 0% used [0x00000000eec00000,0x00000000eec00000,0x00000000f5180000)
  from space 8704K, 99% used [0x00000000f5180000,0x00000000f59fdee0,0x00000000f5a00000)
  to   space 7168K, 0% used [0x00000000f5a00000,0x00000000f5a00000,0x00000000f6100000)
 ParOldGen       total 35840K, used 22549K [0x00000000cc400000, 0x00000000ce700000, 0x00000000eec00000)
  object space 35840K, 62% used [0x00000000cc400000,0x00000000cda057f0,0x00000000ce700000)
 Metaspace       used 9236K, capacity 9368K, committed 9600K, reserved 1058816K
  class space    used 1080K, capacity 1144K, committed 1152K, reserved 1048576K
GC Heap History (10 events):
Event: 2.512 GC heap after
Heap after GC invocations=4 (full 0):
 PSYoungGen      total 28672K, used 2016K [0x00000000eec00000, 0x00000000f0a00000, 0x0000000100000000)
  eden space 26624K, 0% used [0x00000000eec00000,0x00000000eec00000,0x00000000f0600000)
  from space 2048K, 98% used [0x00000000f0800000,0x00000000f09f8380,0x00000000f0a00000)
  to   space 2048K, 0% used [0x00000000f0600000,0x00000000f0600000,0x00000000f0800000)
 ParOldGen       total 35840K, used 1951K [0x00000000cc400000, 0x00000000ce700000, 0x00000000eec00000)
  object space 35840K, 5% used [0x00000000cc400000,0x00000000cc5e7f40,0x00000000ce700000)
 Metaspace       used 9079K, capacity 9240K, committed 9344K, reserved 1056768K
  class space    used 1079K, capacity 1144K, committed 1152K, reserved 1048576K
}
Event: 3.267 GC heap before
{Heap before GC invocations=5 (full 0):
 PSYoungGen      total 28672K, used 28640K [0x00000000eec00000, 0x00000000f0a00000, 0x0000000100000000)
  eden space 26624K, 100% used [0x00000000eec00000,0x00000000f0600000,0x00000000f0600000)
  from space 2048K, 98% used [0x00000000f0800000,0x00000000f09f8380,0x00000000f0a00000)
  to   space 2048K, 0% used [0x00000000f0600000,0x00000000f0600000,0x00000000f0800000)
 ParOldGen       total 35840K, used 1951K [0x00000000cc400000, 0x00000000ce700000, 0x00000000eec00000)
  object space 35840K, 5% used [0x00000000cc400000,0x00000000cc5e7f40,0x00000000ce700000)
 Metaspace       used 9174K, capacity 9368K, committed 9600K, reserved 1058816K
  class space    used 1079K, capacity 1144K, committed 1152K, reserved 1048576K
Event: 3.305 GC heap after
Heap after GC invocations=5 (full 0):
 PSYoungGen      total 28672K, used 2033K [0x00000000eec00000, 0x00000000f2700000, 0x0000000100000000)
  eden space 26624K, 0% used [0x00000000eec00000,0x00000000eec00000,0x00000000f0600000)
  from space 2048K, 99% used [0x00000000f0600000,0x00000000f07fc620,0x00000000f0800000)
  to   space 3584K, 0% used [0x00000000f2380000,0x00000000f2380000,0x00000000f2700000)
 ParOldGen       total 35840K, used 2984K [0x00000000cc400000, 0x00000000ce700000, 0x00000000eec00000)
  object space 35840K, 8% used [0x00000000cc400000,0x00000000cc6ea0e0,0x00000000ce700000)
 Metaspace       used 9174K, capacity 9368K, committed 9600K, reserved 1058816K
  class space    used 1079K, capacity 1144K, committed 1152K, reserved 1048576K
}
Event: 3.782 GC heap before
{Heap before GC invocations=6 (full 0):
 PSYoungGen      total 28672K, used 28657K [0x00000000eec00000, 0x00000000f2700000, 0x0000000100000000)
  eden space 26624K, 100% used [0x00000000eec00000,0x00000000f0600000,0x00000000f0600000)
  from space 2048K, 99% used [0x00000000f0600000,0x00000000f07fc620,0x00000000f0800000)
  to   space 3584K, 0% used [0x00000000f2380000,0x00000000f2380000,0x00000000f2700000)
 ParOldGen       total 35840K, used 2984K [0x00000000cc400000, 0x00000000ce700000, 0x00000000eec00000)
  object space 35840K, 8% used [0x00000000cc400000,0x00000000cc6ea0e0,0x00000000ce700000)
 Metaspace       used 9207K, capacity 9368K, committed 9600K, reserved 1058816K
  class space    used 1079K, capacity 1144K, committed 1152K, reserved 1048576K
Event: 3.822 GC heap after
Heap after GC invocations=6 (full 0):
 PSYoungGen      total 56320K, used 3234K [0x00000000eec00000, 0x00000000f2800000, 0x0000000100000000)
  eden space 52736K, 0% used [0x00000000eec00000,0x00000000eec00000,0x00000000f1f80000)
  from space 3584K, 90% used [0x00000000f2380000,0x00000000f26a8a00,0x00000000f2700000)
  to   space 4096K, 0% used [0x00000000f1f80000,0x00000000f1f80000,0x00000000f2380000)
 ParOldGen       total 35840K, used 2984K [0x00000000cc400000, 0x00000000ce700000, 0x00000000eec00000)
  object space 35840K, 8% used [0x00000000cc400000,0x00000000cc6ea0e0,0x00000000ce700000)
 Metaspace       used 9207K, capacity 9368K, committed 9600K, reserved 1058816K
  class space    used 1079K, capacity 1144K, committed 1152K, reserved 1048576K
}
Event: 4.756 GC heap before
{Heap before GC invocations=7 (full 0):
 PSYoungGen      total 56320K, used 55970K [0x00000000eec00000, 0x00000000f2800000, 0x0000000100000000)
  eden space 52736K, 100% used [0x00000000eec00000,0x00000000f1f80000,0x00000000f1f80000)
  from space 3584K, 90% used [0x00000000f2380000,0x00000000f26a8a00,0x00000000f2700000)
  to   space 4096K, 0% used [0x00000000f1f80000,0x00000000f1f80000,0x00000000f2380000)
 ParOldGen       total 35840K, used 2984K [0x00000000cc400000, 0x00000000ce700000, 0x00000000eec00000)
  object space 35840K, 8% used [0x00000000cc400000,0x00000000cc6ea0e0,0x00000000ce700000)
 Metaspace       used 9221K, capacity 9368K, committed 9600K, reserved 1058816K
  class space    used 1080K, capacity 1144K, committed 1152K, reserved 1048576K
Event: 4.778 GC heap after
Heap after GC invocations=7 (full 0):
 PSYoungGen      total 56832K, used 4083K [0x00000000eec00000, 0x00000000f6100000, 0x0000000100000000)
  eden space 52736K, 0% used [0x00000000eec00000,0x00000000eec00000,0x00000000f1f80000)
  from space 4096K, 99% used [0x00000000f1f80000,0x00000000f237cfa0,0x00000000f2380000)
  to   space 7168K, 0% used [0x00000000f5a00000,0x00000000f5a00000,0x00000000f6100000)
 ParOldGen       total 35840K, used 8953K [0x00000000cc400000, 0x00000000ce700000, 0x00000000eec00000)
  object space 35840K, 24% used [0x00000000cc400000,0x00000000cccbe520,0x00000000ce700000)
 Metaspace       used 9221K, capacity 9368K, committed 9600K, reserved 1058816K
  class space    used 1080K, capacity 1144K, committed 1152K, reserved 1048576K
}
Event: 5.479 GC heap before
{Heap before GC invocations=8 (full 0):
 PSYoungGen      total 56832K, used 56819K [0x00000000eec00000, 0x00000000f6100000, 0x0000000100000000)
  eden space 52736K, 100% used [0x00000000eec00000,0x00000000f1f80000,0x00000000f1f80000)
  from space 4096K, 99% used [0x00000000f1f80000,0x00000000f237cfa0,0x00000000f2380000)
  to   space 7168K, 0% used [0x00000000f5a00000,0x00000000f5a00000,0x00000000f6100000)
 ParOldGen       total 35840K, used 8953K [0x00000000cc400000, 0x00000000ce700000, 0x00000000eec00000)
  object space 35840K, 24% used [0x00000000cc400000,0x00000000cccbe520,0x00000000ce700000)
 Metaspace       used 9236K, capacity 9368K, committed 9600K, reserved 1058816K
  class space    used 1080K, capacity 1144K, committed 1152K, reserved 1048576K
Event: 5.487 GC heap after
Heap after GC invocations=8 (full 0):
 PSYoungGen      total 111104K, used 7158K [0x00000000eec00000, 0x00000000f6400000, 0x0000000100000000)
  eden space 103936K, 0% used [0x00000000eec00000,0x00000000eec00000,0x00000000f5180000)
  from space 7168K, 99% used [0x00000000f5a00000,0x00000000f60fd990,0x00000000f6100000)
  to   space 8704K, 0% used [0x00000000f5180000,0x00000000f5180000,0x00000000f5a00000)
 ParOldGen       total 35840K, used 9593K [0x00000000cc400000, 0x00000000ce700000, 0x00000000eec00000)
  object space 35840K, 26% used [0x00000000cc400000,0x00000000ccd5e770,0x00000000ce700000)
 Metaspace       used 9236K, capacity 9368K, committed 9600K, reserved 1058816K
  class space    used 1080K, capacity 1144K, committed 1152K, reserved 1048576K
}
Event: 6.542 GC heap before
{Heap before GC invocations=9 (full 0):
 PSYoungGen      total 111104K, used 111094K [0x00000000eec00000, 0x00000000f6400000, 0x0000000100000000)
  eden space 103936K, 100% used [0x00000000eec00000,0x00000000f5180000,0x00000000f5180000)
  from space 7168K, 99% used [0x00000000f5a00000,0x00000000f60fd990,0x00000000f6100000)
  to   space 8704K, 0% used [0x00000000f5180000,0x00000000f5180000,0x00000000f5a00000)
 ParOldGen       total 35840K, used 9593K [0x00000000cc400000, 0x00000000ce700000, 0x00000000eec00000)
  object space 35840K, 26% used [0x00000000cc400000,0x00000000ccd5e770,0x00000000ce700000)
 Metaspace       used 9236K, capacity 9368K, committed 9600K, reserved 1058816K
  class space    used 1080K, capacity 1144K, committed 1152K, reserved 1048576K

